<?xml version="1.0" encoding="UTF-8"?>
<!-- Generated by org.testng.reporters.JUnitXMLReporter -->
<testsuite hostname="hp" ignored="0" name="Amazon App" tests="1" failures="1" timestamp="09 May 2020 13:29:16 GMT" time="39.841" errors="0">
  <testcase name="purchaseItem" time="21.339" classname="com.amazon.tests.PurchaseItem">
    <failure type="java.lang.AssertionError" message="Unable to get product priceString index out of range: -2">
      <![CDATA[java.lang.AssertionError: Unable to get product priceString index out of range: -2
at com.amazon.pages.AmazonSelectedProductPage.productPriceOnProductPage(AmazonSelectedProductPage.java:82)
at com.amazon.tests.PurchaseItem.purchaseItem(PurchaseItem.java:37)
... Removed 26 stack frames]]>
    </failure>
  </testcase> <!-- purchaseItem -->
</testsuite> <!-- Amazon App -->
