<?xml version="1.0" encoding="UTF-8"?>
<testng-results skipped="0" failed="0" ignored="0" total="1" passed="1">
  <reporter-output>
  </reporter-output>
  <suite name="Mobile app Automation" duration-ms="140438" started-at="2020-05-09T14:18:00Z" finished-at="2020-05-09T14:20:21Z">
    <groups>
    </groups>
    <test name="Amazon App" duration-ms="140438" started-at="2020-05-09T14:18:00Z" finished-at="2020-05-09T14:20:21Z">
      <class name="com.amazon.tests.PurchaseItem">
        <test-method status="PASS" signature="initializeDriver(java.lang.String)[pri:0, instance:com.amazon.tests.PurchaseItem@2aece37d]" name="initializeDriver" is-config="true" duration-ms="20364" started-at="2020-05-09T14:18:00Z" finished-at="2020-05-09T14:18:21Z">
          <params>
            <param index="0">
              <value>
                <![CDATA[RealAndroidDevice]]>
              </value>
            </param>
          </params>
          <reporter-output>
          </reporter-output>
        </test-method> <!-- initializeDriver -->
        <test-method status="PASS" signature="purchaseItem()[pri:0, instance:com.amazon.tests.PurchaseItem@2aece37d]" name="purchaseItem" duration-ms="118443" started-at="2020-05-09T14:18:21Z" finished-at="2020-05-09T14:20:19Z">
          <reporter-output>
          </reporter-output>
        </test-method> <!-- purchaseItem -->
        <test-method status="PASS" signature="quitDriver()[pri:0, instance:com.amazon.tests.PurchaseItem@2aece37d]" name="quitDriver" is-config="true" duration-ms="1531" started-at="2020-05-09T14:20:19Z" finished-at="2020-05-09T14:20:21Z">
          <reporter-output>
          </reporter-output>
        </test-method> <!-- quitDriver -->
      </class> <!-- com.amazon.tests.PurchaseItem -->
    </test> <!-- Amazon App -->
  </suite> <!-- Mobile app Automation -->
</testng-results>
